<?xml version="1.0" encoding="UTF-8"?>
<testng-results ignored="0" total="6" passed="6" failed="0" skipped="0">
  <reporter-output>
  </reporter-output>
  <suite started-at="2021-05-22T18:35:44 IST" name="Default suite" finished-at="2021-05-22T18:36:48 IST" duration-ms="64699">
    <groups>
    </groups>
    <test started-at="2021-05-22T18:35:44 IST" name="Default test" finished-at="2021-05-22T18:36:48 IST" duration-ms="64699">
      <class name="com.spicejet._spicejet.AppTest">
        <test-method is-config="true" signature="callDriver()[pri:0, instance:com.spicejet._spicejet.AppTest@3e2e18f2]" started-at="2021-05-22T18:35:44 IST" name="callDriver" finished-at="2021-05-22T18:35:45 IST" duration-ms="1679" status="PASS">
          <reporter-output>
          </reporter-output>
        </test-method> <!-- callDriver -->
        <test-method signature="t1()[pri:0, instance:com.spicejet._spicejet.AppTest@3e2e18f2]" started-at="2021-05-22T18:35:45 IST" name="t1" finished-at="2021-05-22T18:36:13 IST" duration-ms="27276" status="PASS">
          <reporter-output>
          </reporter-output>
        </test-method> <!-- t1 -->
        <test-method signature="t2()[pri:1, instance:com.spicejet._spicejet.AppTest@3e2e18f2]" started-at="2021-05-22T18:36:13 IST" name="t2" finished-at="2021-05-22T18:36:18 IST" duration-ms="5167" status="PASS">
          <reporter-output>
          </reporter-output>
        </test-method> <!-- t2 -->
        <test-method signature="t3()[pri:2, instance:com.spicejet._spicejet.AppTest@3e2e18f2]" started-at="2021-05-22T18:36:18 IST" name="t3" finished-at="2021-05-22T18:36:22 IST" duration-ms="4279" status="PASS">
          <reporter-output>
          </reporter-output>
        </test-method> <!-- t3 -->
        <test-method signature="t4()[pri:3, instance:com.spicejet._spicejet.AppTest@3e2e18f2]" started-at="2021-05-22T18:36:22 IST" name="t4" finished-at="2021-05-22T18:36:26 IST" duration-ms="4358" status="PASS">
          <reporter-output>
          </reporter-output>
        </test-method> <!-- t4 -->
        <test-method signature="t5()[pri:4, instance:com.spicejet._spicejet.AppTest@3e2e18f2]" started-at="2021-05-22T18:36:26 IST" name="t5" finished-at="2021-05-22T18:36:44 IST" duration-ms="17724" status="PASS">
          <reporter-output>
          </reporter-output>
        </test-method> <!-- t5 -->
        <test-method signature="t6()[pri:5, instance:com.spicejet._spicejet.AppTest@3e2e18f2]" started-at="2021-05-22T18:36:44 IST" name="t6" finished-at="2021-05-22T18:36:44 IST" duration-ms="23" status="PASS">
          <reporter-output>
          </reporter-output>
        </test-method> <!-- t6 -->
        <test-method is-config="true" signature="closeDriver()[pri:0, instance:com.spicejet._spicejet.AppTest@3e2e18f2]" started-at="2021-05-22T18:36:44 IST" name="closeDriver" finished-at="2021-05-22T18:36:48 IST" duration-ms="4151" status="PASS">
          <reporter-output>
          </reporter-output>
        </test-method> <!-- closeDriver -->
      </class> <!-- com.spicejet._spicejet.AppTest -->
    </test> <!-- Default test -->
  </suite> <!-- Default suite -->
</testng-results>
