<?xml version="1.0" encoding="UTF-8"?>
<!-- Generated by org.testng.reporters.JUnitXMLReporter -->
<testsuite ignored="0" hostname="LAPTOP-JAJCEFIR" failures="0" tests="6" name="Default test" time="64.699" errors="0" timestamp="2021-05-22T18:36:48 IST">
  <testcase classname="com.spicejet._spicejet.AppTest" name="t1" time="27.276"/>
  <testcase classname="com.spicejet._spicejet.AppTest" name="t2" time="5.167"/>
  <testcase classname="com.spicejet._spicejet.AppTest" name="t3" time="4.279"/>
  <testcase classname="com.spicejet._spicejet.AppTest" name="t4" time="4.358"/>
  <testcase classname="com.spicejet._spicejet.AppTest" name="t5" time="17.724"/>
  <testcase classname="com.spicejet._spicejet.AppTest" name="t6" time="0.023"/>
</testsuite> <!-- Default test -->
